{
  err: TypeError: Cannot read properties of undefined (reading 'affectedRows')
      at Query.<anonymous> (C:\Users\shell\Desktop\workshop_app\final_project\BackEnd_Files\api\controllers\users.js:42:20)
      at Query.<anonymous> (C:\Users\shell\Desktop\workshop_app\final_project\BackEnd_Files\node_modules\mysql\lib\Connection.js:526:10)
      at Query._callback (C:\Users\shell\Desktop\workshop_app\final_project\BackEnd_Files\node_modules\mysql\lib\Connection.js:488:16)
      at Query.Sequence.end (C:\Users\shell\Desktop\workshop_app\final_project\BackEnd_Files\node_modules\mysql\lib\protocol\sequences\Sequence.js:83:24)
      at Query.ErrorPacket (C:\Users\shell\Desktop\workshop_app\final_project\BackEnd_Files\node_modules\mysql\lib\protocol\sequences\Query.js:92:8)
      at Protocol._parsePacket (C:\Users\shell\Desktop\workshop_app\final_project\BackEnd_Files\node_modules\mysql\lib\protocol\Protocol.js:291:23)
      at Parser._parsePacket (C:\Users\shell\Desktop\workshop_app\final_project\BackEnd_Files\node_modules\mysql\lib\protocol\Parser.js:433:10)
      at Parser.write (C:\Users\shell\Desktop\workshop_app\final_project\BackEnd_Files\node_modules\mysql\lib\protocol\Parser.js:43:10)
      at Protocol.write (C:\Users\shell\Desktop\workshop_app\final_project\BackEnd_Files\node_modules\mysql\lib\protocol\Protocol.js:38:16)
      at Socket.<anonymous> (C:\Users\shell\Desktop\workshop_app\final_project\BackEnd_Files\node_modules\mysql\lib\Connection.js:88:28),
  level: 'error',
  message: 'this is error',
  timestamp: '2022-09-04 09:52:10'
}
{
  meta: {
    req: {
      url: '/users/5',
      headers: {
        'user-agent': 'PostmanRuntime/7.29.2',
        accept: '*/*',
        'postman-token': '5744e83d-004e-4f51-b04b-68e9584d76d3',
        host: 'localhost:3000',
        'accept-encoding': 'gzip, deflate, br',
        connection: 'keep-alive'
      },
      method: 'DELETE',
      httpVersion: '1.1',
      originalUrl: '/users/5',
      query: {}
    },
    res: { statusCode: 500 },
    responseTime: 48
  },
  level: 'error',
  message: 'HTTP DELETE /users/5',
  timestamp: '2022-09-04 09:53:33'
}
{
  meta: {
    req: {
      url: '/users/0',
      headers: {
        'user-agent': 'PostmanRuntime/7.29.2',
        accept: '*/*',
        'postman-token': 'fb13b30c-1953-4d71-9fd3-d32241925392',
        host: 'localhost:3000',
        'accept-encoding': 'gzip, deflate, br',
        connection: 'keep-alive'
      },
      method: 'DELETE',
      httpVersion: '1.1',
      originalUrl: '/users/0',
      query: {}
    },
    res: { statusCode: 500 },
    responseTime: 10107
  },
  level: 'error',
  message: 'HTTP DELETE /users/0',
  timestamp: '2022-09-04 11:08:54'
}
